<?xml version="1.0" encoding="UTF-8"?>
<!-- Generated by org.testng.reporters.JUnitReportReporter -->
<testsuite hostname="DESKTOP-KRERTO9" failures="0" tests="1" name="com.testscenarios.MMT" time="6.903" errors="0" timestamp="2022-07-25T21:03:05 IST" skipped="0">
  <testcase classname="com.testscenarios.MMT" name="f" time="6.903"/>
  <system-out/>
</testsuite> <!-- com.testscenarios.MMT -->
