<?xml version="1.0" encoding="UTF-8"?>
<!-- Generated by org.testng.reporters.JUnitReportReporter -->
<testsuite hostname="DESKTOP-KRERTO9" failures="0" tests="1" name="com.testscenarios.TC_001AccountCreation" time="18.293" errors="0" timestamp="2022-07-26T07:47:08 IST" skipped="0">
  <testcase classname="com.testscenarios.TC_001AccountCreation" name="TC_001AccounTCreation" time="18.293"/>
  <system-out/>
</testsuite> <!-- com.testscenarios.TC_001AccountCreation -->
